<?xml version="1.0" encoding="UTF-8"?>
<testng-results skipped="0" failed="0" ignored="0" total="1" passed="1">
  <reporter-output>
  </reporter-output>
  <suite name="Suite" duration-ms="19445" started-at="2018-05-19T04:08:32Z" finished-at="2018-05-19T04:08:52Z">
    <groups>
      <group name="cucumber">
        <method signature="AbstractTestNGCucumberTests.feature(cucumber.api.testng.CucumberFeatureWrapper)[pri:0, instance:com.runner.TestNgRunner@60438a68]" name="feature" class="cucumber.api.testng.AbstractTestNGCucumberTests"/>
      </group> <!-- cucumber -->
    </groups>
    <test name="Test" duration-ms="19445" started-at="2018-05-19T04:08:32Z" finished-at="2018-05-19T04:08:52Z">
      <class name="com.runner.TestNgRunner">
        <test-method status="PASS" signature="setUpClass()[pri:0, instance:com.runner.TestNgRunner@60438a68]" name="setUpClass" is-config="true" duration-ms="344" started-at="2018-05-19T04:08:32Z" finished-at="2018-05-19T04:08:32Z">
          <reporter-output>
          </reporter-output>
        </test-method> <!-- setUpClass -->
        <test-method status="PASS" signature="feature(cucumber.api.testng.CucumberFeatureWrapper)[pri:0, instance:com.runner.TestNgRunner@60438a68]" name="feature" duration-ms="18845" started-at="2018-05-19T04:08:33Z" description="Runs Cucumber Feature" data-provider="features" finished-at="2018-05-19T04:08:51Z">
          <params>
            <param index="0">
              <value>
                <![CDATA[Login function validation]]>
              </value>
            </param>
          </params>
          <reporter-output>
          </reporter-output>
        </test-method> <!-- feature -->
        <test-method status="PASS" signature="tearDownClass()[pri:0, instance:com.runner.TestNgRunner@60438a68]" name="tearDownClass" is-config="true" duration-ms="83" started-at="2018-05-19T04:08:51Z" finished-at="2018-05-19T04:08:52Z">
          <reporter-output>
          </reporter-output>
        </test-method> <!-- tearDownClass -->
      </class> <!-- com.runner.TestNgRunner -->
    </test> <!-- Test -->
  </suite> <!-- Suite -->
</testng-results>
